正在爬取 电影 中国大陆 情色 2019,2019 下的数据
已经抓取了1电影信息
正在爬取 电影 中国大陆 武侠 2019,2019 下的数据
已经抓取了62电影信息
正在爬取 电影 中国大陆 灾难 2019,2019 下的数据
已经抓取了9电影信息
正在爬取 电影 中国大陆 冒险 2019,2019 下的数据
已经抓取了67电影信息
正在爬取 电影 中国大陆 奇幻 2019,2019 下的数据
已经抓取了139电影信息
正在爬取 电影 中国大陆 西部 2019,2019 下的数据
已经抓取了5电影信息
正在爬取 电影 中国大陆 战争 2019,2019 下的数据
已经抓取了27电影信息
正在爬取 电影 中国大陆 历史 2019,2019 下的数据
已经抓取了35电影信息
正在爬取 电影 中国大陆 传记 2019,2019 下的数据
已经抓取了11电影信息
正在爬取 电影 中国大陆 歌舞 2019,2019 下的数据
已经抓取了29电影信息
正在爬取 电影 中国大陆 音乐 2019,2019 下的数据
已经抓取了25电影信息
正在爬取 电影 中国大陆 同性 2019,2019 下的数据
已经抓取了2电影信息
正在爬取 电影 中国大陆 犯罪 2019,2019 下的数据
已经抓取了92电影信息
正在爬取 电影 中国大陆 恐怖 2019,2019 下的数据
已经抓取了14电影信息
正在爬取 电影 中国大陆 惊悚 2019,2019 下的数据
已经抓取了46电影信息
正在爬取 电影 中国大陆 悬疑 2019,2019 下的数据
已经抓取了137电影信息
正在爬取 电影 中国大陆 动画 2019,2019 下的数据
已经抓取了65电影信息
正在爬取 电影 中国大陆 科幻 2019,2019 下的数据
已经抓取了47电影信息
正在爬取 电影 中国大陆 爱情 2019,2019 下的数据
已经抓取了246电影信息
正在爬取 电影 中国大陆 动作 2019,2019 下的数据
已经抓取了216电影信息
正在爬取 电影 中国大陆 喜剧 2019,2019 下的数据
已经抓取了262电影信息
正在爬取 电影 中国大陆 剧情 2019,2019 下的数据
已经抓取了543电影信息
正在爬取 电影 中国大陆 情色 2018,2018 下的数据
已经抓取了3电影信息
正在爬取 电影 中国大陆 武侠 2018,2018 下的数据
已经抓取了96电影信息
正在爬取 电影 中国大陆 灾难 2018,2018 下的数据
已经抓取了8电影信息
正在爬取 电影 中国大陆 冒险 2018,2018 下的数据
已经抓取了137电影信息
正在爬取 电影 中国大陆 奇幻 2018,2018 下的数据
已经抓取了237电影信息
正在爬取 电影 中国大陆 西部 2018,2018 下的数据
已经抓取了6电影信息
正在爬取 电影 中国大陆 战争 2018,2018 下的数据
已经抓取了39电影信息
正在爬取 电影 中国大陆 历史 2018,2018 下的数据
已经抓取了32电影信息
正在爬取 电影 中国大陆 传记 2018,2018 下的数据
已经抓取了23电影信息
正在爬取 电影 中国大陆 歌舞 2018,2018 下的数据
已经抓取了50电影信息
正在爬取 电影 中国大陆 音乐 2018,2018 下的数据
已经抓取了49电影信息
正在爬取 电影 中国大陆 同性 2018,2018 下的数据
已经抓取了5电影信息
正在爬取 电影 中国大陆 犯罪 2018,2018 下的数据
已经抓取了144电影信息
正在爬取 电影 中国大陆 恐怖 2018,2018 下的数据
已经抓取了49电影信息
正在爬取 电影 中国大陆 惊悚 2018,2018 下的数据
已经抓取了110电影信息
正在爬取 电影 中国大陆 悬疑 2018,2018 下的数据
已经抓取了341电影信息
正在爬取 电影 中国大陆 动画 2018,2018 下的数据
已经抓取了72电影信息
正在爬取 电影 中国大陆 科幻 2018,2018 下的数据
已经抓取了102电影信息
正在爬取 电影 中国大陆 爱情 2018,2018 下的数据
已经抓取了471电影信息
正在爬取 电影 中国大陆 动作 2018,2018 下的数据
已经抓取了394电影信息
正在爬取 电影 中国大陆 喜剧 2018,2018 下的数据
已经抓取了483电影信息
正在爬取 电影 中国大陆 剧情 2018,2018 下的数据
已经抓取了927电影信息
正在爬取 电影 中国大陆 情色 2010,2019 下的数据
已经抓取了50电影信息
正在爬取 电影 中国大陆 武侠 2010,2019 下的数据
已经抓取了318电影信息
正在爬取 电影 中国大陆 灾难 2010,2019 下的数据
已经抓取了56电影信息
正在爬取 电影 中国大陆 冒险 2010,2019 下的数据
已经抓取了545电影信息
正在爬取 电影 中国大陆 奇幻 2010,2019 下的数据
已经抓取了951电影信息
正在爬取 电影 中国大陆 西部 2010,2019 下的数据
已经抓取了30电影信息
正在爬取 电影 中国大陆 战争 2010,2019 下的数据
已经抓取了366电影信息
正在爬取 电影 中国大陆 历史 2010,2019 下的数据
已经抓取了279电影信息
正在爬取 电影 中国大陆 传记 2010,2019 下的数据
已经抓取了196电影信息
正在爬取 电影 中国大陆 歌舞 2010,2019 下的数据
已经抓取了201电影信息
正在爬取 电影 中国大陆 音乐 2010,2019 下的数据
已经抓取了231电影信息
正在爬取 电影 中国大陆 同性 2010,2019 下的数据
已经抓取了86电影信息
正在爬取 电影 中国大陆 犯罪 2010,2019 下的数据
已经抓取了830电影信息
正在爬取 电影 中国大陆 恐怖 2010,2019 下的数据
已经抓取了386电影信息
正在爬取 电影 中国大陆 惊悚 2010,2019 下的数据
已经抓取了930电影信息
正在爬取 电影 中国大陆 悬疑 2010,2019 下的数据
已经抓取了1654电影信息
正在爬取 电影 中国大陆 动画 2010,2019 下的数据
已经抓取了616电影信息
正在爬取 电影 中国大陆 科幻 2010,2019 下的数据
已经抓取了430电影信息
正在爬取 电影 中国大陆 爱情 2010,2019 下的数据
已经抓取了3024电影信息
正在爬取 电影 中国大陆 动作 2010,2019 下的数据
已经抓取了1715电影信息
正在爬取 电影 中国大陆 喜剧 2010,2019 下的数据
已经抓取了2890电影信息
正在爬取 电影 中国大陆 剧情 2010,2019 下的数据
已经抓取了6426电影信息
正在爬取 电影 中国大陆 情色 2000,2009 下的数据
已经抓取了7电影信息
正在爬取 电影 中国大陆 武侠 2000,2009 下的数据
已经抓取了63电影信息
正在爬取 电影 中国大陆 灾难 2000,2009 下的数据
已经抓取了15电影信息
正在爬取 电影 中国大陆 冒险 2000,2009 下的数据
已经抓取了22电影信息
正在爬取 电影 中国大陆 奇幻 2000,2009 下的数据
已经抓取了33电影信息
正在爬取 电影 中国大陆 西部 2000,2009 下的数据
已经抓取了4电影信息
正在爬取 电影 中国大陆 战争 2000,2009 下的数据
已经抓取了127电影信息
正在爬取 电影 中国大陆 历史 2000,2009 下的数据
已经抓取了102电影信息
正在爬取 电影 中国大陆 传记 2000,2009 下的数据
已经抓取了63电影信息
正在爬取 电影 中国大陆 歌舞 2000,2009 下的数据
已经抓取了24电影信息
正在爬取 电影 中国大陆 音乐 2000,2009 下的数据
已经抓取了39电影信息
正在爬取 电影 中国大陆 同性 2000,2009 下的数据
已经抓取了11电影信息
正在爬取 电影 中国大陆 犯罪 2000,2009 下的数据
已经抓取了130电影信息
正在爬取 电影 中国大陆 恐怖 2000,2009 下的数据
已经抓取了23电影信息
正在爬取 电影 中国大陆 惊悚 2000,2009 下的数据
已经抓取了48电影信息
正在爬取 电影 中国大陆 悬疑 2000,2009 下的数据
已经抓取了69电影信息
正在爬取 电影 中国大陆 动画 2000,2009 下的数据
已经抓取了73电影信息
正在爬取 电影 中国大陆 科幻 2000,2009 下的数据
已经抓取了19电影信息
正在爬取 电影 中国大陆 爱情 2000,2009 下的数据
已经抓取了274电影信息
正在爬取 电影 中国大陆 动作 2000,2009 下的数据
已经抓取了201电影信息
正在爬取 电影 中国大陆 喜剧 2000,2009 下的数据
已经抓取了237电影信息
正在爬取 电影 中国大陆 剧情 2000,2009 下的数据
已经抓取了1493电影信息
正在爬取 电影 中国大陆 情色 1990,1999 下的数据
已经抓取了2电影信息
正在爬取 电影 中国大陆 武侠 1990,1999 下的数据
已经抓取了34电影信息
正在爬取 电影 中国大陆 灾难 1990,1999 下的数据
已经抓取了2电影信息
正在爬取 电影 中国大陆 冒险 1990,1999 下的数据
已经抓取了11电影信息
正在爬取 电影 中国大陆 奇幻 1990,1999 下的数据
已经抓取了21电影信息
正在爬取 电影 中国大陆 西部 1990,1999 下的数据
已经抓取了2电影信息
正在爬取 电影 中国大陆 战争 1990,1999 下的数据
已经抓取了80电影信息
正在爬取 电影 中国大陆 历史 1990,1999 下的数据
已经抓取了48电影信息
正在爬取 电影 中国大陆 传记 1990,1999 下的数据
已经抓取了25电影信息
正在爬取 电影 中国大陆 歌舞 1990,1999 下的数据
已经抓取了16电影信息
正在爬取 电影 中国大陆 音乐 1990,1999 下的数据
已经抓取了16电影信息
正在爬取 电影 中国大陆 同性 1990,1999 下的数据
已经抓取了4电影信息
正在爬取 电影 中国大陆 犯罪 1990,1999 下的数据
已经抓取了72电影信息
正在爬取 电影 中国大陆 恐怖 1990,1999 下的数据
已经抓取了7电影信息
正在爬取 电影 中国大陆 惊悚 1990,1999 下的数据
已经抓取了32电影信息
正在爬取 电影 中国大陆 悬疑 1990,1999 下的数据
已经抓取了26电影信息
正在爬取 电影 中国大陆 动画 1990,1999 下的数据
已经抓取了120电影信息
正在爬取 电影 中国大陆 科幻 1990,1999 下的数据
已经抓取了8电影信息
正在爬取 电影 中国大陆 爱情 1990,1999 下的数据
已经抓取了93电影信息
正在爬取 电影 中国大陆 动作 1990,1999 下的数据
已经抓取了132电影信息
正在爬取 电影 中国大陆 喜剧 1990,1999 下的数据
已经抓取了95电影信息
正在爬取 电影 中国大陆 剧情 1990,1999 下的数据
已经抓取了541电影信息
正在爬取 电影 中国大陆 情色 1980,1989 下的数据
已经抓取了1电影信息
正在爬取 电影 中国大陆 武侠 1980,1989 下的数据
已经抓取了31电影信息
正在爬取 电影 中国大陆 灾难 1980,1989 下的数据
已经抓取了1电影信息
正在爬取 电影 中国大陆 冒险 1980,1989 下的数据
已经抓取了13电影信息
正在爬取 电影 中国大陆 奇幻 1980,1989 下的数据
已经抓取了19电影信息
正在爬取 电影 中国大陆 西部 1980,1989 下的数据
已经抓取了2电影信息
正在爬取 电影 中国大陆 战争 1980,1989 下的数据
已经抓取了64电影信息
正在爬取 电影 中国大陆 历史 1980,1989 下的数据
已经抓取了51电影信息
正在爬取 电影 中国大陆 传记 1980,1989 下的数据
已经抓取了10电影信息
正在爬取 电影 中国大陆 歌舞 1980,1989 下的数据
已经抓取了19电影信息
正在爬取 电影 中国大陆 音乐 1980,1989 下的数据
已经抓取了12电影信息
正在爬取 电影 中国大陆 同性 1980,1989 下的数据
已经抓取了0电影信息
正在爬取 电影 中国大陆 犯罪 1980,1989 下的数据
已经抓取了53电影信息
正在爬取 电影 中国大陆 恐怖 1980,1989 下的数据
已经抓取了15电影信息
正在爬取 电影 中国大陆 惊悚 1980,1989 下的数据
已经抓取了35电影信息
正在爬取 电影 中国大陆 悬疑 1980,1989 下的数据
已经抓取了39电影信息
正在爬取 电影 中国大陆 动画 1980,1989 下的数据
已经抓取了112电影信息
正在爬取 电影 中国大陆 科幻 1980,1989 下的数据
已经抓取了5电影信息
正在爬取 电影 中国大陆 爱情 1980,1989 下的数据
已经抓取了93电影信息
正在爬取 电影 中国大陆 动作 1980,1989 下的数据
已经抓取了74电影信息
正在爬取 电影 中国大陆 喜剧 1980,1989 下的数据
已经抓取了60电影信息
正在爬取 电影 中国大陆 剧情 1980,1989 下的数据
已经抓取了716电影信息
正在爬取 电影 中国大陆 情色 1970,1979 下的数据
已经抓取了0电影信息
正在爬取 电影 中国大陆 武侠 1970,1979 下的数据
已经抓取了2电影信息
正在爬取 电影 中国大陆 灾难 1970,1979 下的数据
已经抓取了0电影信息
正在爬取 电影 中国大陆 冒险 1970,1979 下的数据
已经抓取了1电影信息
正在爬取 电影 中国大陆 奇幻 1970,1979 下的数据
已经抓取了1电影信息
正在爬取 电影 中国大陆 西部 1970,1979 下的数据
已经抓取了0电影信息
正在爬取 电影 中国大陆 战争 1970,1979 下的数据
已经抓取了27电影信息
正在爬取 电影 中国大陆 历史 1970,1979 下的数据
已经抓取了10电影信息
正在爬取 电影 中国大陆 传记 1970,1979 下的数据
已经抓取了3电影信息
正在爬取 电影 中国大陆 歌舞 1970,1979 下的数据
已经抓取了8电影信息
正在爬取 电影 中国大陆 音乐 1970,1979 下的数据
已经抓取了5电影信息
正在爬取 电影 中国大陆 同性 1970,1979 下的数据
已经抓取了0电影信息
正在爬取 电影 中国大陆 犯罪 1970,1979 下的数据
已经抓取了0电影信息
正在爬取 电影 中国大陆 恐怖 1970,1979 下的数据
已经抓取了1电影信息
正在爬取 电影 中国大陆 惊悚 1970,1979 下的数据
已经抓取了7电影信息
正在爬取 电影 中国大陆 悬疑 1970,1979 下的数据
已经抓取了4电影信息
正在爬取 电影 中国大陆 动画 1970,1979 下的数据
已经抓取了27电影信息
正在爬取 电影 中国大陆 科幻 1970,1979 下的数据
已经抓取了0电影信息
正在爬取 电影 中国大陆 爱情 1970,1979 下的数据
已经抓取了6电影信息
正在爬取 电影 中国大陆 动作 1970,1979 下的数据
已经抓取了1电影信息
正在爬取 电影 中国大陆 喜剧 1970,1979 下的数据
已经抓取了3电影信息
正在爬取 电影 中国大陆 剧情 1970,1979 下的数据
已经抓取了114电影信息
正在爬取 电影 中国大陆 情色 1960,1969 下的数据
已经抓取了0电影信息
正在爬取 电影 中国大陆 武侠 1960,1969 下的数据
已经抓取了0电影信息
正在爬取 电影 中国大陆 灾难 1960,1969 下的数据
已经抓取了0电影信息
正在爬取 电影 中国大陆 冒险 1960,1969 下的数据
已经抓取了0电影信息
正在爬取 电影 中国大陆 奇幻 1960,1969 下的数据
已经抓取了7电影信息
正在爬取 电影 中国大陆 西部 1960,1969 下的数据
已经抓取了0电影信息
正在爬取 电影 中国大陆 战争 1960,1969 下的数据
已经抓取了28电影信息
正在爬取 电影 中国大陆 历史 1960,1969 下的数据
已经抓取了6电影信息
正在爬取 电影 中国大陆 传记 1960,1969 下的数据
已经抓取了2电影信息
正在爬取 电影 中国大陆 歌舞 1960,1969 下的数据
已经抓取了4电影信息
正在爬取 电影 中国大陆 音乐 1960,1969 下的数据
已经抓取了2电影信息
正在爬取 电影 中国大陆 同性 1960,1969 下的数据
已经抓取了0电影信息
正在爬取 电影 中国大陆 犯罪 1960,1969 下的数据
已经抓取了1电影信息
正在爬取 电影 中国大陆 恐怖 1960,1969 下的数据
已经抓取了0电影信息
正在爬取 电影 中国大陆 惊悚 1960,1969 下的数据
已经抓取了1电影信息
正在爬取 电影 中国大陆 悬疑 1960,1969 下的数据
已经抓取了3电影信息
正在爬取 电影 中国大陆 动画 1960,1969 下的数据
已经抓取了32电影信息
正在爬取 电影 中国大陆 科幻 1960,1969 下的数据
已经抓取了0电影信息
正在爬取 电影 中国大陆 爱情 1960,1969 下的数据
已经抓取了12电影信息
正在爬取 电影 中国大陆 动作 1960,1969 下的数据
已经抓取了6电影信息
正在爬取 电影 中国大陆 喜剧 1960,1969 下的数据
已经抓取了15电影信息
正在爬取 电影 中国大陆 剧情 1960,1969 下的数据
获取网页出错,5S后获取倒数第 6 次
获取10个IP
{"msg":"请求频率过快，请等待9秒","code":200}
获取10个IP
['115.227.31.92:39313', '14.134.190.151:47871', '117.69.98.247:40764', '175.146.70.50:46567', '27.25.170.87:23547', '49.86.18.220:24588', '183.156.243.38:21395', '113.121.243.163:37923', '171.44.212.183:39097', '27.156.214.201:43782']
['115.227.31.92:39313', '14.134.190.151:47871', '117.69.98.247:40764', '175.146.70.50:46567', '27.25.170.87:23547', '49.86.18.220:24588', '183.156.243.38:21395', '113.121.243.163:37923', '171.44.212.183:39097', '27.156.214.201:43782']
Traceback (most recent call last):
  File "douban_movie.py", line 103, in <module>
    main()
  File "douban_movie.py", line 83, in main
    if len(items)<=0:
TypeError: object of type 'NoneType' has no len()
